# JRE version: OpenJDK Runtime Environment Corretto-17.0.13.11.1 (17.0.13+11) (build 17.0.13+11-LTS)
# Java VM: OpenJDK 64-Bit Server VM Corretto-17.0.13.11.1 (17.0.13+11-LTS, mixed mode, sharing, tiered, compressed oops, compressed class ptrs, g1 gc, windows-amd64)
GC Precious Log:
 CPUs: 4 total, 4 available
 Memory: 3996M
 Large Page Support: Disabled
 NUMA Support: Disabled
 Compressed Oops: Enabled (32-bit)
 Heap Region Size: 1M
 Heap Min Capacity: 8M
 Heap Initial Capacity: 64M
 Heap Max Capacity: 1000M
 Pre-touch: Disabled
 Parallel Workers: 4
 Concurrent Workers: 1
 Concurrent Refinement Workers: 4
 Periodic GC: Disabled
Heap:
 garbage-first heap   total 58368K, used 31551K [0x00000000c1800000, 0x0000000100000000)
  region size 1024K, 5 young (5120K), 1 survivors (1024K)
 Metaspace       used 60005K, committed 60480K, reserved 1114112K
  class space    used 8491K, committed 8704K, reserved 1048576K
GC Heap History (20 events):
Event: 32.205 GC heap before
{Heap before GC invocations=6 (full 0):
 garbage-first heap   total 58368K, used 44156K [0x00000000c1800000, 0x0000000100000000)
  region size 1024K, 34 young (34816K), 5 survivors (5120K)
 Metaspace       used 26321K, committed 26624K, reserved 1114112K
  class space    used 3524K, committed 3648K, reserved 1048576K
}
Event: 32.227 GC heap after
{Heap after GC invocations=7 (full 0):
 garbage-first heap   total 58368K, used 17839K [0x00000000c1800000, 0x0000000100000000)
  region size 1024K, 5 young (5120K), 5 survivors (5120K)
 Metaspace       used 26321K, committed 26624K, reserved 1114112K
  class space    used 3524K, committed 3648K, reserved 1048576K
}
Event: 39.087 GC heap before
{Heap before GC invocations=7 (full 0):
 garbage-first heap   total 58368K, used 40367K [0x00000000c1800000, 0x0000000100000000)
  region size 1024K, 27 young (27648K), 5 survivors (5120K)
 Metaspace       used 29511K, committed 29888K, reserved 1114112K
  class space    used 3948K, committed 4160K, reserved 1048576K
}
Event: 39.109 GC heap after
{Heap after GC invocations=8 (full 0):
 garbage-first heap   total 58368K, used 19211K [0x00000000c1800000, 0x0000000100000000)
  region size 1024K, 2 young (2048K), 2 survivors (2048K)
 Metaspace       used 29511K, committed 29888K, reserved 1114112K
  class space    used 3948K, committed 4160K, reserved 1048576K
}
Event: 45.269 GC heap before
{Heap before GC invocations=8 (full 0):
 garbage-first heap   total 58368K, used 42763K [0x00000000c1800000, 0x0000000100000000)
  region size 1024K, 25 young (25600K), 2 survivors (2048K)
 Metaspace       used 33284K, committed 33728K, reserved 1114112K
  class space    used 4488K, committed 4672K, reserved 1048576K
}
Event: 45.290 GC heap after
{Heap after GC invocations=9 (full 0):
 garbage-first heap   total 58368K, used 21115K [0x00000000c1800000, 0x0000000100000000)
  region size 1024K, 4 young (4096K), 4 survivors (4096K)
 Metaspace       used 33284K, committed 33728K, reserved 1114112K
  class space    used 4488K, committed 4672K, reserved 1048576K
}
Event: 49.329 GC heap before
{Heap before GC invocations=9 (full 0):
 garbage-first heap   total 58368K, used 31355K [0x00000000c1800000, 0x0000000100000000)
  region size 1024K, 15 young (15360K), 4 survivors (4096K)
 Metaspace       used 35753K, committed 36096K, reserved 1114112K
  class space    used 4861K, committed 4992K, reserved 1048576K
}
Event: 49.353 GC heap after
{Heap after GC invocations=10 (full 0):
 garbage-first heap   total 58368K, used 21643K [0x00000000c1800000, 0x0000000100000000)
  region size 1024K, 1 young (1024K), 1 survivors (1024K)
 Metaspace       used 35753K, committed 36096K, reserved 1114112K
  class space    used 4861K, committed 4992K, reserved 1048576K
}
Event: 55.581 GC heap before
{Heap before GC invocations=11 (full 0):
 garbage-first heap   total 58368K, used 44171K [0x00000000c1800000, 0x0000000100000000)
  region size 1024K, 23 young (23552K), 1 survivors (1024K)
 Metaspace       used 41119K, committed 41536K, reserved 1114112K
  class space    used 5673K, committed 5888K, reserved 1048576K
}
Event: 55.594 GC heap after
{Heap after GC invocations=12 (full 0):
 garbage-first heap   total 58368K, used 22730K [0x00000000c1800000, 0x0000000100000000)
  region size 1024K, 2 young (2048K), 2 survivors (2048K)
 Metaspace       used 41119K, committed 41536K, reserved 1114112K
  class space    used 5673K, committed 5888K, reserved 1048576K
}
Event: 61.198 GC heap before
{Heap before GC invocations=12 (full 0):
 garbage-first heap   total 58368K, used 44234K [0x00000000c1800000, 0x0000000100000000)
  region size 1024K, 24 young (24576K), 2 survivors (2048K)
 Metaspace       used 45829K, committed 46272K, reserved 1114112K
  class space    used 6259K, committed 6464K, reserved 1048576K
}
Event: 61.213 GC heap after
{Heap after GC invocations=13 (full 0):
 garbage-first heap   total 58368K, used 23940K [0x00000000c1800000, 0x0000000100000000)
  region size 1024K, 3 young (3072K), 3 survivors (3072K)
 Metaspace       used 45829K, committed 46272K, reserved 1114112K
  class space    used 6259K, committed 6464K, reserved 1048576K
}
Event: 66.763 GC heap before
{Heap before GC invocations=13 (full 0):
 garbage-first heap   total 58368K, used 44420K [0x00000000c1800000, 0x0000000100000000)
  region size 1024K, 24 young (24576K), 3 survivors (3072K)
 Metaspace       used 51337K, committed 51776K, reserved 1114112K
  class space    used 7089K, committed 7296K, reserved 1048576K
}
Event: 66.780 GC heap after
{Heap after GC invocations=14 (full 0):
 garbage-first heap   total 58368K, used 25034K [0x00000000c1800000, 0x0000000100000000)
  region size 1024K, 3 young (3072K), 3 survivors (3072K)
 Metaspace       used 51337K, committed 51776K, reserved 1114112K
  class space    used 7089K, committed 7296K, reserved 1048576K
}
Event: 70.804 GC heap before
{Heap before GC invocations=14 (full 0):
 garbage-first heap   total 58368K, used 44490K [0x00000000c1800000, 0x0000000100000000)
  region size 1024K, 23 young (23552K), 3 survivors (3072K)
 Metaspace       used 55893K, committed 56384K, reserved 1114112K
  class space    used 7872K, committed 8128K, reserved 1048576K
}
Event: 70.819 GC heap after
{Heap after GC invocations=15 (full 0):
 garbage-first heap   total 58368K, used 25593K [0x00000000c1800000, 0x0000000100000000)
  region size 1024K, 2 young (2048K), 2 survivors (2048K)
 Metaspace       used 55893K, committed 56384K, reserved 1114112K
  class space    used 7872K, committed 8128K, reserved 1048576K
}
Event: 74.819 GC heap before
{Heap before GC invocations=15 (full 0):
 garbage-first heap   total 58368K, used 47097K [0x00000000c1800000, 0x0000000100000000)
  region size 1024K, 23 young (23552K), 2 survivors (2048K)
 Metaspace       used 59091K, committed 59584K, reserved 1114112K
  class space    used 8320K, committed 8576K, reserved 1048576K
}
Event: 74.840 GC heap after
{Heap after GC invocations=16 (full 0):
 garbage-first heap   total 58368K, used 27730K [0x00000000c1800000, 0x0000000100000000)
  region size 1024K, 3 young (3072K), 3 survivors (3072K)
 Metaspace       used 59091K, committed 59584K, reserved 1114112K
  class space    used 8320K, committed 8576K, reserved 1048576K
}
Event: 76.053 GC heap before
{Heap before GC invocations=16 (full 0):
 garbage-first heap   total 58368K, used 32850K [0x00000000c1800000, 0x0000000100000000)
  region size 1024K, 9 young (9216K), 3 survivors (3072K)
 Metaspace       used 59849K, committed 60288K, reserved 1114112K
  class space    used 8435K, committed 8640K, reserved 1048576K
}
Event: 76.075 GC heap after
{Heap after GC invocations=17 (full 0):
 garbage-first heap   total 58368K, used 28479K [0x00000000c1800000, 0x0000000100000000)
  region size 1024K, 1 young (1024K), 1 survivors (1024K)
 Metaspace       used 59849K, committed 60288K, reserved 1114112K
  class space    used 8435K, committed 8640K, reserved 1048576K
}

