# JRE version: OpenJDK Runtime Environment Corretto-17.0.13.11.1 (17.0.13+11) (build 17.0.13+11-LTS)
# Java VM: OpenJDK 64-Bit Server VM Corretto-17.0.13.11.1 (17.0.13+11-LTS, mixed mode, sharing, tiered, compressed oops, compressed class ptrs, g1 gc, windows-amd64)
GC Precious Log:
 CPUs: 4 total, 4 available
 Memory: 3996M
 Large Page Support: Disabled
 NUMA Support: Disabled
 Compressed Oops: Enabled (32-bit)
 Heap Region Size: 1M
 Heap Min Capacity: 8M
 Heap Initial Capacity: 64M
 Heap Max Capacity: 1000M
 Pre-touch: Disabled
 Parallel Workers: 4
 Concurrent Workers: 1
 Concurrent Refinement Workers: 4
 Periodic GC: Disabled
Heap:
 garbage-first heap   total 58368K, used 35776K [0x00000000c1800000, 0x0000000100000000)
  region size 1024K, 13 young (13312K), 2 survivors (2048K)
 Metaspace       used 57585K, committed 58048K, reserved 1114112K
  class space    used 8067K, committed 8320K, reserved 1048576K
GC Heap History (20 events):
Event: 23.899 GC heap before
{Heap before GC invocations=3 (full 0):
 garbage-first heap   total 65536K, used 41648K [0x00000000c1800000, 0x0000000100000000)
  region size 1024K, 32 young (32768K), 2 survivors (2048K)
 Metaspace       used 15679K, committed 16000K, reserved 1114112K
  class space    used 2107K, committed 2240K, reserved 1048576K
}
Event: 23.917 GC heap after
{Heap after GC invocations=4 (full 0):
 garbage-first heap   total 65536K, used 13273K [0x00000000c1800000, 0x0000000100000000)
  region size 1024K, 4 young (4096K), 4 survivors (4096K)
 Metaspace       used 15679K, committed 16000K, reserved 1114112K
  class space    used 2107K, committed 2240K, reserved 1048576K
}
Event: 28.859 GC heap before
{Heap before GC invocations=4 (full 0):
 garbage-first heap   total 65536K, used 41945K [0x00000000c1800000, 0x0000000100000000)
  region size 1024K, 33 young (33792K), 4 survivors (4096K)
 Metaspace       used 21230K, committed 21504K, reserved 1114112K
  class space    used 2872K, committed 3008K, reserved 1048576K
}
Event: 28.880 GC heap after
{Heap after GC invocations=5 (full 0):
 garbage-first heap   total 65536K, used 15247K [0x00000000c1800000, 0x0000000100000000)
  region size 1024K, 5 young (5120K), 5 survivors (5120K)
 Metaspace       used 21230K, committed 21504K, reserved 1114112K
  class space    used 2872K, committed 3008K, reserved 1048576K
}
Event: 34.077 GC heap before
{Heap before GC invocations=6 (full 0):
 garbage-first heap   total 58368K, used 43919K [0x00000000c1800000, 0x0000000100000000)
  region size 1024K, 34 young (34816K), 5 survivors (5120K)
 Metaspace       used 26342K, committed 26688K, reserved 1114112K
  class space    used 3527K, committed 3712K, reserved 1048576K
}
Event: 34.104 GC heap after
{Heap after GC invocations=7 (full 0):
 garbage-first heap   total 58368K, used 17627K [0x00000000c1800000, 0x0000000100000000)
  region size 1024K, 5 young (5120K), 5 survivors (5120K)
 Metaspace       used 26342K, committed 26688K, reserved 1114112K
  class space    used 3527K, committed 3712K, reserved 1048576K
}
Event: 40.162 GC heap before
{Heap before GC invocations=7 (full 0):
 garbage-first heap   total 58368K, used 39131K [0x00000000c1800000, 0x0000000100000000)
  region size 1024K, 27 young (27648K), 5 survivors (5120K)
 Metaspace       used 29464K, committed 29888K, reserved 1114112K
  class space    used 3937K, committed 4160K, reserved 1048576K
}
Event: 40.194 GC heap after
{Heap after GC invocations=8 (full 0):
 garbage-first heap   total 58368K, used 19014K [0x00000000c1800000, 0x0000000100000000)
  region size 1024K, 2 young (2048K), 2 survivors (2048K)
 Metaspace       used 29464K, committed 29888K, reserved 1114112K
  class space    used 3937K, committed 4160K, reserved 1048576K
}
Event: 46.898 GC heap before
{Heap before GC invocations=8 (full 0):
 garbage-first heap   total 58368K, used 42566K [0x00000000c1800000, 0x0000000100000000)
  region size 1024K, 25 young (25600K), 2 survivors (2048K)
 Metaspace       used 33166K, committed 33600K, reserved 1114112K
  class space    used 4458K, committed 4672K, reserved 1048576K
}
Event: 46.919 GC heap after
{Heap after GC invocations=9 (full 0):
 garbage-first heap   total 58368K, used 21068K [0x00000000c1800000, 0x0000000100000000)
  region size 1024K, 4 young (4096K), 4 survivors (4096K)
 Metaspace       used 33166K, committed 33600K, reserved 1114112K
  class space    used 4458K, committed 4672K, reserved 1048576K
}
Event: 50.501 GC heap before
{Heap before GC invocations=9 (full 0):
 garbage-first heap   total 58368K, used 32332K [0x00000000c1800000, 0x0000000100000000)
  region size 1024K, 16 young (16384K), 4 survivors (4096K)
 Metaspace       used 35803K, committed 36160K, reserved 1114112K
  class space    used 4866K, committed 5056K, reserved 1048576K
}
Event: 50.524 GC heap after
{Heap after GC invocations=10 (full 0):
 garbage-first heap   total 58368K, used 21686K [0x00000000c1800000, 0x0000000100000000)
  region size 1024K, 1 young (1024K), 1 survivors (1024K)
 Metaspace       used 35803K, committed 36160K, reserved 1114112K
  class space    used 4866K, committed 5056K, reserved 1048576K
}
Event: 57.834 GC heap before
{Heap before GC invocations=11 (full 0):
 garbage-first heap   total 58368K, used 43190K [0x00000000c1800000, 0x0000000100000000)
  region size 1024K, 23 young (23552K), 1 survivors (1024K)
 Metaspace       used 41295K, committed 41728K, reserved 1114112K
  class space    used 5682K, committed 5888K, reserved 1048576K
}
Event: 57.846 GC heap after
{Heap after GC invocations=12 (full 0):
 garbage-first heap   total 58368K, used 22542K [0x00000000c1800000, 0x0000000100000000)
  region size 1024K, 2 young (2048K), 2 survivors (2048K)
 Metaspace       used 41295K, committed 41728K, reserved 1114112K
  class space    used 5682K, committed 5888K, reserved 1048576K
}
Event: 62.779 GC heap before
{Heap before GC invocations=12 (full 0):
 garbage-first heap   total 58368K, used 44046K [0x00000000c1800000, 0x0000000100000000)
  region size 1024K, 24 young (24576K), 2 survivors (2048K)
 Metaspace       used 45912K, committed 46400K, reserved 1114112K
  class space    used 6270K, committed 6528K, reserved 1048576K
}
Event: 62.795 GC heap after
{Heap after GC invocations=13 (full 0):
 garbage-first heap   total 58368K, used 23831K [0x00000000c1800000, 0x0000000100000000)
  region size 1024K, 3 young (3072K), 3 survivors (3072K)
 Metaspace       used 45912K, committed 46400K, reserved 1114112K
  class space    used 6270K, committed 6528K, reserved 1048576K
}
Event: 67.079 GC heap before
{Heap before GC invocations=13 (full 0):
 garbage-first heap   total 58368K, used 44311K [0x00000000c1800000, 0x0000000100000000)
  region size 1024K, 24 young (24576K), 3 survivors (3072K)
 Metaspace       used 51415K, committed 51904K, reserved 1114112K
  class space    used 7110K, committed 7360K, reserved 1048576K
}
Event: 67.096 GC heap after
{Heap after GC invocations=14 (full 0):
 garbage-first heap   total 58368K, used 24817K [0x00000000c1800000, 0x0000000100000000)
  region size 1024K, 3 young (3072K), 3 survivors (3072K)
 Metaspace       used 51415K, committed 51904K, reserved 1114112K
  class space    used 7110K, committed 7360K, reserved 1048576K
}
Event: 71.253 GC heap before
{Heap before GC invocations=14 (full 0):
 garbage-first heap   total 58368K, used 45297K [0x00000000c1800000, 0x0000000100000000)
  region size 1024K, 23 young (23552K), 3 survivors (3072K)
 Metaspace       used 55986K, committed 56448K, reserved 1114112K
  class space    used 7889K, committed 8128K, reserved 1048576K
}
Event: 71.267 GC heap after
{Heap after GC invocations=15 (full 0):
 garbage-first heap   total 58368K, used 25536K [0x00000000c1800000, 0x0000000100000000)
  region size 1024K, 2 young (2048K), 2 survivors (2048K)
 Metaspace       used 55986K, committed 56448K, reserved 1114112K
  class space    used 7889K, committed 8128K, reserved 1048576K
}

